<?xml version="1.0" encoding="UTF-8"?>
<testsuite name="LunchClubTest" tests="1" skipped="0" failures="0" errors="0" timestamp="2024-08-09T09:04:24" hostname="DESKTOP-2F9TN2V" time="0.094">
  <properties/>
  <testcase name="moo()" classname="LunchClubTest" time="0.094"/>
  <system-out><![CDATA[]]></system-out>
  <system-err><![CDATA[]]></system-err>
</testsuite>
